<?xml version="1.0" encoding="UTF-8"?>
<!-- Generated by org.testng.reporters.JUnitReportReporter -->
<testsuite hostname="MSI" failures="0" tests="2" name="tests.LoginTest" time="18.051" errors="0" timestamp="2022-04-22T18:28:31 IST" skipped="0">
  <testcase classname="tests.LoginTest" name="login" time="5.261"/>
  <system-out/>
  <testcase classname="tests.LoginTest" name="login" time="12.790"/>
  <system-out/>
</testsuite> <!-- tests.LoginTest -->
