<?xml version="1.0" encoding="UTF-8"?>
<!-- Generated by org.testng.reporters.JUnitReportReporter -->
<testsuite hostname="MSI" failures="0" tests="1" name="tests.TwoTest" time="8.815" errors="0" timestamp="2022-04-22T18:28:31 IST" skipped="0">
  <testcase classname="tests.TwoTest" name="testTwo" time="8.815"/>
  <system-out/>
</testsuite> <!-- tests.TwoTest -->
