<?xml version="1.0" encoding="UTF-8"?>
<!-- Generated by org.testng.reporters.JUnitReportReporter -->
<testsuite hostname="MSI" failures="0" tests="1" name="runner.Runner" time="3.209" errors="0" timestamp="2022-04-22T18:28:31 IST" skipped="0">
  <testcase classname="runner.Runner" name="runScenario" time="3.209"/>
  <system-out/>
</testsuite> <!-- runner.Runner -->
